<?xml version="1.0" encoding="UTF-8"?>
<!-- Generated by org.testng.reporters.JUnitReportReporter -->
<testsuite hostname="EPRURYAW0056" name="com.epam.olga_kashirina.webdriver.lesson2.task1.Frameworks.run_tests.tests.YandexTest" tests="9" failures="0" timestamp="18 Jul 2016 12:03:30 GMT" time="52.386" errors="0">
  <testcase name="checkSendedLetters" time="3.380" classname="com.epam.olga_kashirina.webdriver.lesson2.task1.Frameworks.run_tests.tests.YandexTest"/>
  <testcase name="checkTheDrafts" time="4.607" classname="com.epam.olga_kashirina.webdriver.lesson2.task1.Frameworks.run_tests.tests.YandexTest"/>
  <testcase name="sendLetter" time="5.187" classname="com.epam.olga_kashirina.webdriver.lesson2.task1.Frameworks.run_tests.tests.YandexTest"/>
  <testcase name="writeLetter" time="11.467" classname="com.epam.olga_kashirina.webdriver.lesson2.task1.Frameworks.run_tests.tests.YandexTest"/>
  <testcase name="checkTheDrafts" time="3.845" classname="com.epam.olga_kashirina.webdriver.lesson2.task1.Frameworks.run_tests.tests.YandexTest"/>
  <testcase name="writeLetter" time="11.008" classname="com.epam.olga_kashirina.webdriver.lesson2.task1.Frameworks.run_tests.tests.YandexTest"/>
  <testcase name="checkSendedLetters" time="3.737" classname="com.epam.olga_kashirina.webdriver.lesson2.task1.Frameworks.run_tests.tests.YandexTest"/>
  <testcase name="loginTest" time="3.652" classname="com.epam.olga_kashirina.webdriver.lesson2.task1.Frameworks.run_tests.tests.YandexTest"/>
  <testcase name="sendLetter" time="5.503" classname="com.epam.olga_kashirina.webdriver.lesson2.task1.Frameworks.run_tests.tests.YandexTest"/>
</testsuite> <!-- com.epam.olga_kashirina.webdriver.lesson2.task1.Frameworks.run_tests.tests.YandexTest -->
