<?xml version="1.0" encoding="UTF-8"?>
<!-- Generated by org.testng.reporters.JUnitReportReporter -->
<testsuite hostname="EPRURYAW0056" name="com.epa.olga_kashirina.webdriver.lesson2.task1.SeleniumAdvanced.tests.YandexTest" tests="8" failures="0" timestamp="5 Jul 2016 09:02:42 GMT" time="42.440" errors="0">
  <testcase name="loginTest" time="6.199" classname="com.epa.olga_kashirina.webdriver.lesson2.task1.SeleniumAdvanced.tests.YandexTest"/>
  <testcase name="writeLetter" time="11.208" classname="com.epa.olga_kashirina.webdriver.lesson2.task1.SeleniumAdvanced.tests.YandexTest"/>
  <testcase name="SendLetter" time="1.025" classname="com.epa.olga_kashirina.webdriver.lesson2.task1.SeleniumAdvanced.tests.YandexTest"/>
  <testcase name="checkTheDrafts" time="5.869" classname="com.epa.olga_kashirina.webdriver.lesson2.task1.SeleniumAdvanced.tests.YandexTest"/>
  <testcase name="exitOfYandexMail" time="0.459" classname="com.epa.olga_kashirina.webdriver.lesson2.task1.SeleniumAdvanced.tests.YandexTest"/>
  <testcase name="writeLetter" time="12.681" classname="com.epa.olga_kashirina.webdriver.lesson2.task1.SeleniumAdvanced.tests.YandexTest"/>
  <testcase name="checkTheDrafts" time="3.722" classname="com.epa.olga_kashirina.webdriver.lesson2.task1.SeleniumAdvanced.tests.YandexTest"/>
  <testcase name="SendLetter" time="1.277" classname="com.epa.olga_kashirina.webdriver.lesson2.task1.SeleniumAdvanced.tests.YandexTest"/>
</testsuite> <!-- com.epa.olga_kashirina.webdriver.lesson2.task1.SeleniumAdvanced.tests.YandexTest -->
