<?xml version="1.0" encoding="UTF-8"?>
<!-- Generated by org.testng.reporters.JUnitReportReporter -->
<testsuite hostname="EPRURYAW0056" name="com.epam.olga_kashirina.webdriver.lesson2.task1.Frameworks.tests.YandexTest" tests="9" failures="0" timestamp="15 Jul 2016 11:56:30 GMT" time="56.552" errors="0">
  <testcase name="sendLetter" time="4.837" classname="com.epam.olga_kashirina.webdriver.lesson2.task1.Frameworks.tests.YandexTest"/>
  <testcase name="sendLetter" time="7.886" classname="com.epam.olga_kashirina.webdriver.lesson2.task1.Frameworks.tests.YandexTest"/>
  <testcase name="checkTheDrafts" time="4.493" classname="com.epam.olga_kashirina.webdriver.lesson2.task1.Frameworks.tests.YandexTest"/>
  <testcase name="writeLetter" time="10.823" classname="com.epam.olga_kashirina.webdriver.lesson2.task1.Frameworks.tests.YandexTest"/>
  <testcase name="loginTest" time="6.072" classname="com.epam.olga_kashirina.webdriver.lesson2.task1.Frameworks.tests.YandexTest"/>
  <testcase name="checkSendedLetters" time="3.693" classname="com.epam.olga_kashirina.webdriver.lesson2.task1.Frameworks.tests.YandexTest"/>
  <testcase name="checkSendedLetters" time="3.199" classname="com.epam.olga_kashirina.webdriver.lesson2.task1.Frameworks.tests.YandexTest"/>
  <testcase name="writeLetter" time="11.804" classname="com.epam.olga_kashirina.webdriver.lesson2.task1.Frameworks.tests.YandexTest"/>
  <testcase name="checkTheDrafts" time="3.745" classname="com.epam.olga_kashirina.webdriver.lesson2.task1.Frameworks.tests.YandexTest"/>
</testsuite> <!-- com.epam.olga_kashirina.webdriver.lesson2.task1.Frameworks.tests.YandexTest -->
