<?xml version="1.0" encoding="UTF-8"?>
<testng-results skipped="0" failed="0" total="9" passed="9">
  <reporter-output>
    <line>
      <![CDATA[INFO  ScreenShot - Delete all files from folderC:\Users\Olga_Kashirina@epam.com\git\Olga_K\Reporting_git\test-output\html\screenshots<br>]]>
    </line>
    <line>
      <![CDATA[INFO  YandexTest - start 'login test'<br>]]>
    </line>
    <line>
      <![CDATA[INFO  YandexTest - start 'loginToMail method'<br>]]>
    </line>
    <line>
      <![CDATA[INFO  MailService - set login from account:seleniumexample<br>]]>
    </line>
    <line>
      <![CDATA[INFO  MailService - set password from account:seleniumexample1<br>]]>
    </line>
    <line>
      <![CDATA[INFO  MailService - click on button 'Войти' <br>]]>
    </line>
    <line>
      <![CDATA[INFO  MailService - check the mail link presented<br>]]>
    </line>
    <line>
      <![CDATA[INFO  YandexTest - finish 'loginToMail method'<br>]]>
    </line>
    <line>
      <![CDATA[INFO  ScreenShot - <a href = 'screenshots/screenshot1989673131150507497.png'>See ScreenShot</a><br>]]>
    </line>
    <line>
      <![CDATA[INFO  YandexTest - finish 'login test'<br>]]>
    </line>
    <line>
      <![CDATA[INFO  YandexTest - start 'writeLetter test'<br>]]>
    </line>
    <line>
      <![CDATA[INFO  YandexTest - filling the BO - letter:<br>                    recipient: april.helga@mail.ru subject: О погоде textOfLetter: Здравствуйте!<br>]]>
    </line>
    <line>
      <![CDATA[INFO  YandexTest - start 'writeMessage method'<br>]]>
    </line>
    <line>
      <![CDATA[INFO  MailService - click on button 'Написать'<br>]]>
    </line>
    <line>
      <![CDATA[INFO  MailService - start 'setFieldsOfLetter method'<br>]]>
    </line>
    <line>
      <![CDATA[INFO  LetterPage - click on field 'Кому'<br>]]>
    </line>
    <line>
      <![CDATA[INFO  LetterPage - send key 'april.helga@mail.ru' on field 'Кому'<br>]]>
    </line>
    <line>
      <![CDATA[INFO  LetterPage - send key 'О погоде' on field 'Тема'<br>]]>
    </line>
    <line>
      <![CDATA[INFO  LetterPage - send key 'Здравствуйте!' on field 'Текст письма'<br>]]>
    </line>
    <line>
      <![CDATA[INFO  MailService - finish 'setFieldsOfLetter method'<br>]]>
    </line>
    <line>
      <![CDATA[INFO  MailService - check the subject field presented<br>]]>
    </line>
    <line>
      <![CDATA[INFO  MailService - check the drafts link presented<br>]]>
    </line>
    <line>
      <![CDATA[INFO  MailService - click on button 'Входящие'<br>]]>
    </line>
    <line>
      <![CDATA[INFO  YandexTest - finish 'writeMessage method'<br>]]>
    </line>
    <line>
      <![CDATA[INFO  YandexTest - finish 'writeLetter test'<br>]]>
    </line>
    <line>
      <![CDATA[INFO  YandexTest - start 'writeLetter test'<br>]]>
    </line>
    <line>
      <![CDATA[INFO  YandexTest - filling the BO - letter:<br>                    recipient: april.helga@mail.ru subject: Работа textOfLetter: Приветствую!<br>]]>
    </line>
    <line>
      <![CDATA[INFO  YandexTest - start 'writeMessage method'<br>]]>
    </line>
    <line>
      <![CDATA[INFO  MailService - click on button 'Написать'<br>]]>
    </line>
    <line>
      <![CDATA[INFO  MailService - start 'setFieldsOfLetter method'<br>]]>
    </line>
    <line>
      <![CDATA[INFO  LetterPage - click on field 'Кому'<br>]]>
    </line>
    <line>
      <![CDATA[INFO  LetterPage - send key 'april.helga@mail.ru' on field 'Кому'<br>]]>
    </line>
    <line>
      <![CDATA[INFO  LetterPage - send key 'Работа' on field 'Тема'<br>]]>
    </line>
    <line>
      <![CDATA[INFO  LetterPage - send key 'Приветствую!' on field 'Текст письма'<br>]]>
    </line>
    <line>
      <![CDATA[INFO  MailService - finish 'setFieldsOfLetter method'<br>]]>
    </line>
    <line>
      <![CDATA[INFO  MailService - check the subject field presented<br>]]>
    </line>
    <line>
      <![CDATA[INFO  MailService - check the drafts link presented<br>]]>
    </line>
    <line>
      <![CDATA[INFO  MailService - click on button 'Входящие'<br>]]>
    </line>
    <line>
      <![CDATA[INFO  YandexTest - finish 'writeMessage method'<br>]]>
    </line>
    <line>
      <![CDATA[INFO  YandexTest - finish 'writeLetter test'<br>]]>
    </line>
    <line>
      <![CDATA[INFO  YandexTest - start 'checkTheDrafts test'<br>]]>
    </line>
    <line>
      <![CDATA[INFO  YandexTest - filling the BO - letter:<br>                    recipient: april.helga@mail.ru subject: О погоде textOfLetter: Здравствуйте!<br>]]>
    </line>
    <line>
      <![CDATA[INFO  YandexTest - start 'draftsCheck' method<br>]]>
    </line>
    <line>
      <![CDATA[INFO  MailService - click on button 'Черновики'<br>]]>
    </line>
    <line>
      <![CDATA[INFO  MailService - start 'clickAtCheckingDraft method'<br>]]>
    </line>
    <line>
      <![CDATA[INFO  DraftsPage - click at the draft with subject: 'О погоде'<br>]]>
    </line>
    <line>
      <![CDATA[INFO  MailService - finish 'clickAtCheckingDraft method'<br>]]>
    </line>
    <line>
      <![CDATA[INFO  MailService - start 'assertDrafts method'<br>]]>
    </line>
    <line>
      <![CDATA[INFO  MailService - finish 'assertDrafts method'<br>]]>
    </line>
    <line>
      <![CDATA[INFO  YandexTest - finish 'draftsCheck' method<br>]]>
    </line>
    <line>
      <![CDATA[INFO  YandexTest - finish 'checkTheDrafts test'<br>]]>
    </line>
    <line>
      <![CDATA[INFO  YandexTest - start 'checkTheDrafts test'<br>]]>
    </line>
    <line>
      <![CDATA[INFO  YandexTest - filling the BO - letter:<br>                    recipient: april.helga@mail.ru subject: Работа textOfLetter: Приветствую!<br>]]>
    </line>
    <line>
      <![CDATA[INFO  YandexTest - start 'draftsCheck' method<br>]]>
    </line>
    <line>
      <![CDATA[INFO  MailService - click on button 'Черновики'<br>]]>
    </line>
    <line>
      <![CDATA[INFO  MailService - start 'clickAtCheckingDraft method'<br>]]>
    </line>
    <line>
      <![CDATA[INFO  DraftsPage - click at the draft with subject: 'Работа'<br>]]>
    </line>
    <line>
      <![CDATA[INFO  MailService - finish 'clickAtCheckingDraft method'<br>]]>
    </line>
    <line>
      <![CDATA[INFO  MailService - start 'assertDrafts method'<br>]]>
    </line>
    <line>
      <![CDATA[INFO  MailService - finish 'assertDrafts method'<br>]]>
    </line>
    <line>
      <![CDATA[INFO  YandexTest - finish 'draftsCheck' method<br>]]>
    </line>
    <line>
      <![CDATA[INFO  YandexTest - finish 'checkTheDrafts test'<br>]]>
    </line>
    <line>
      <![CDATA[INFO  YandexTest - start 'sendLetter test'<br>]]>
    </line>
    <line>
      <![CDATA[INFO  YandexTest - filling the BO - letter:<br>                    recipient: april.helga@mail.ru subject: О погоде textOfLetter: Здравствуйте!<br>]]>
    </line>
    <line>
      <![CDATA[INFO  YandexTest - start 'sendMessage' method<br>]]>
    </line>
    <line>
      <![CDATA[INFO  MailService - click on button 'Входящие'<br>]]>
    </line>
    <line>
      <![CDATA[INFO  MailService - click on button 'Написать'<br>]]>
    </line>
    <line>
      <![CDATA[INFO  MailService - start 'setFieldsOfLetter method'<br>]]>
    </line>
    <line>
      <![CDATA[INFO  LetterPage - click on field 'Кому'<br>]]>
    </line>
    <line>
      <![CDATA[INFO  LetterPage - send key 'april.helga@mail.ru' on field 'Кому'<br>]]>
    </line>
    <line>
      <![CDATA[INFO  LetterPage - send key 'О погоде' on field 'Тема'<br>]]>
    </line>
    <line>
      <![CDATA[INFO  LetterPage - send key 'Здравствуйте!' on field 'Текст письма'<br>]]>
    </line>
    <line>
      <![CDATA[INFO  MailService - finish 'setFieldsOfLetter method'<br>]]>
    </line>
    <line>
      <![CDATA[INFO  MailService - start 'sendLetter' method<br>]]>
    </line>
    <line>
      <![CDATA[INFO  LetterPage - click on button 'Отправить'<br>]]>
    </line>
    <line>
      <![CDATA[INFO  MailService - finish 'sendLetter' method<br>]]>
    </line>
    <line>
      <![CDATA[INFO  YandexTest - finish 'sendMessage' method<br>]]>
    </line>
    <line>
      <![CDATA[INFO  YandexTest - finish 'sendLetter test'<br>]]>
    </line>
    <line>
      <![CDATA[INFO  YandexTest - start 'sendLetter test'<br>]]>
    </line>
    <line>
      <![CDATA[INFO  YandexTest - filling the BO - letter:<br>                    recipient: april.helga@mail.ru subject: Работа textOfLetter: Приветствую!<br>]]>
    </line>
    <line>
      <![CDATA[INFO  YandexTest - start 'sendMessage' method<br>]]>
    </line>
    <line>
      <![CDATA[INFO  MailService - click on button 'Входящие'<br>]]>
    </line>
    <line>
      <![CDATA[INFO  MailService - click on button 'Написать'<br>]]>
    </line>
    <line>
      <![CDATA[INFO  MailService - start 'setFieldsOfLetter method'<br>]]>
    </line>
    <line>
      <![CDATA[INFO  LetterPage - click on field 'Кому'<br>]]>
    </line>
    <line>
      <![CDATA[INFO  LetterPage - send key 'april.helga@mail.ru' on field 'Кому'<br>]]>
    </line>
    <line>
      <![CDATA[INFO  LetterPage - send key 'Работа' on field 'Тема'<br>]]>
    </line>
    <line>
      <![CDATA[INFO  LetterPage - send key 'Приветствую!' on field 'Текст письма'<br>]]>
    </line>
    <line>
      <![CDATA[INFO  MailService - finish 'setFieldsOfLetter method'<br>]]>
    </line>
    <line>
      <![CDATA[INFO  MailService - start 'sendLetter' method<br>]]>
    </line>
    <line>
      <![CDATA[INFO  LetterPage - click on button 'Отправить'<br>]]>
    </line>
    <line>
      <![CDATA[INFO  MailService - finish 'sendLetter' method<br>]]>
    </line>
    <line>
      <![CDATA[INFO  YandexTest - finish 'sendMessage' method<br>]]>
    </line>
    <line>
      <![CDATA[INFO  YandexTest - finish 'sendLetter test'<br>]]>
    </line>
    <line>
      <![CDATA[INFO  YandexTest - start 'checkSendedLetters test'<br>]]>
    </line>
    <line>
      <![CDATA[INFO  YandexTest - filling the BO - letter:<br>                    recipient: april.helga@mail.ru subject: О погоде textOfLetter: Здравствуйте!<br>]]>
    </line>
    <line>
      <![CDATA[INFO  YandexTest - start 'checkSendedMessage' method<br>]]>
    </line>
    <line>
      <![CDATA[INFO  MailService - click on button 'Отрпавленные'<br>]]>
    </line>
    <line>
      <![CDATA[INFO  MailService - start 'clickAtCheckingLetter method'<br>]]>
    </line>
    <line>
      <![CDATA[INFO  SendedLettersPage - click on element (//span[@title="О погоде"])[1]<br>]]>
    </line>
    <line>
      <![CDATA[INFO  MailService - finish 'clickAtCheckingLetter method'<br>]]>
    </line>
    <line>
      <![CDATA[INFO  MailService - start 'assertLetters' method<br>]]>
    </line>
    <line>
      <![CDATA[INFO  MailService - finish 'assertLetters' method<br>]]>
    </line>
    <line>
      <![CDATA[INFO  YandexTest - finish 'checkSendedMessage' method<br>]]>
    </line>
    <line>
      <![CDATA[INFO  YandexTest - finish 'checkSendedLetters test'<br>]]>
    </line>
    <line>
      <![CDATA[INFO  YandexTest - start 'checkSendedLetters test'<br>]]>
    </line>
    <line>
      <![CDATA[INFO  YandexTest - filling the BO - letter:<br>                    recipient: april.helga@mail.ru subject: Работа textOfLetter: Приветствую!<br>]]>
    </line>
    <line>
      <![CDATA[INFO  YandexTest - start 'checkSendedMessage' method<br>]]>
    </line>
    <line>
      <![CDATA[INFO  MailService - click on button 'Отрпавленные'<br>]]>
    </line>
    <line>
      <![CDATA[INFO  MailService - start 'clickAtCheckingLetter method'<br>]]>
    </line>
    <line>
      <![CDATA[INFO  SendedLettersPage - click on element (//span[@title="Работа"])[1]<br>]]>
    </line>
    <line>
      <![CDATA[INFO  MailService - finish 'clickAtCheckingLetter method'<br>]]>
    </line>
    <line>
      <![CDATA[INFO  MailService - start 'assertLetters' method<br>]]>
    </line>
    <line>
      <![CDATA[INFO  MailService - finish 'assertLetters' method<br>]]>
    </line>
    <line>
      <![CDATA[INFO  YandexTest - finish 'checkSendedMessage' method<br>]]>
    </line>
    <line>
      <![CDATA[INFO  YandexTest - finish 'checkSendedLetters test'<br>]]>
    </line>
    <line>
      <![CDATA[INFO  YandexTest - start 'cleanTheDrafts test'<br>]]>
    </line>
    <line>
      <![CDATA[INFO  YandexTest - start 'cleanAllDrafts' method<br>]]>
    </line>
    <line>
      <![CDATA[INFO  MailService - click on button 'Черновики'<br>]]>
    </line>
    <line>
      <![CDATA[INFO  MailService - start 'deleteDrafts' method<br>]]>
    </line>
    <line>
      <![CDATA[INFO  DraftsPage - click on button 'Черновики(checkbox)'<br>]]>
    </line>
    <line>
      <![CDATA[INFO  DraftsPage - click on button 'Удалить'<br>]]>
    </line>
    <line>
      <![CDATA[INFO  MailService - finish 'deleteDrafts' method<br>]]>
    </line>
    <line>
      <![CDATA[INFO  YandexTest - finish 'cleanAllDrafts' method<br>]]>
    </line>
    <line>
      <![CDATA[INFO  YandexTest - finish 'cleanTheDrafts test'<br>]]>
    </line>
    <line>
      <![CDATA[INFO  YandexTest - start 'cleanTheSendedLetters test'<br>]]>
    </line>
    <line>
      <![CDATA[INFO  YandexTest - start 'cleanAllSendedLetters' method<br>]]>
    </line>
    <line>
      <![CDATA[INFO  MailService - click on button 'Отправленные'<br>]]>
    </line>
    <line>
      <![CDATA[INFO  MailService - start 'deleteSendedLetters' method<br>]]>
    </line>
    <line>
      <![CDATA[INFO  SendedLettersPage - click on button 'Отправленные(checkbox)'<br>]]>
    </line>
    <line>
      <![CDATA[INFO  SendedLettersPage - click on button 'Удалить'<br>]]>
    </line>
    <line>
      <![CDATA[INFO  MailService - finish 'deleteSendedLetters' method<br>]]>
    </line>
    <line>
      <![CDATA[INFO  YandexTest - finish 'cleanAllSendedLetters' method<br>]]>
    </line>
    <line>
      <![CDATA[INFO  YandexTest - finish 'cleanTheSendedLetters test'<br>]]>
    </line>
    <line>
      <![CDATA[INFO  YandexTest - start 'exitOfYandexMail test'<br>]]>
    </line>
    <line>
      <![CDATA[INFO  YandexTest - start 'exitFromMail' method<br>]]>
    </line>
    <line>
      <![CDATA[INFO  MailService - start 'deleteSendedLetters' method<br>]]>
    </line>
    <line>
      <![CDATA[INFO  SendedLettersPage - click on exit icon<br>]]>
    </line>
    <line>
      <![CDATA[INFO  SendedLettersPage - click on button 'Выход'<br>]]>
    </line>
    <line>
      <![CDATA[INFO  MailService - finish 'deleteSendedLetters' method<br>]]>
    </line>
    <line>
      <![CDATA[INFO  YandexTest - finish 'exitFromMail' method<br>]]>
    </line>
    <line>
      <![CDATA[INFO  YandexTest - finish 'exitOfYandexMail test'<br>]]>
    </line>
  </reporter-output>
  <suite name="Reporting suite" duration-ms="65906" started-at="2016-07-21T08:14:18Z" finished-at="2016-07-21T08:15:24Z">
    <groups>
    </groups>
    <test name="Reporting test" duration-ms="65906" started-at="2016-07-21T08:14:18Z" finished-at="2016-07-21T08:15:24Z">
      <class name="com.epam.olga_kashirina.webdriver.lesson2.task1.ReportNG.run_tests.tests.YandexTest">
        <test-method status="PASS" signature="startBrowser()[pri:0, instance:com.epam.olga_kashirina.webdriver.lesson2.task1.ReportNG.run_tests.tests.YandexTest@bae7dc0]" name="startBrowser" is-config="true" duration-ms="610" started-at="2016-07-21T11:14:18Z" finished-at="2016-07-21T11:14:18Z">
          <reporter-output>
          </reporter-output>
        </test-method> <!-- startBrowser -->
        <test-method status="PASS" signature="loginTest()[pri:0, instance:com.epam.olga_kashirina.webdriver.lesson2.task1.ReportNG.run_tests.tests.YandexTest@bae7dc0]" name="loginTest" duration-ms="2021" started-at="2016-07-21T11:14:18Z" finished-at="2016-07-21T11:14:20Z">
          <reporter-output>
            <line>
              <![CDATA[INFO  YandexTest - start 'login test'<br>]]>
            </line>
            <line>
              <![CDATA[INFO  YandexTest - start 'loginToMail method'<br>]]>
            </line>
            <line>
              <![CDATA[INFO  MailService - set login from account:seleniumexample<br>]]>
            </line>
            <line>
              <![CDATA[INFO  MailService - set password from account:seleniumexample1<br>]]>
            </line>
            <line>
              <![CDATA[INFO  MailService - click on button 'Войти' <br>]]>
            </line>
            <line>
              <![CDATA[INFO  MailService - check the mail link presented<br>]]>
            </line>
            <line>
              <![CDATA[INFO  YandexTest - finish 'loginToMail method'<br>]]>
            </line>
            <line>
              <![CDATA[INFO  ScreenShot - <a href = 'screenshots/screenshot1989673131150507497.png'>See ScreenShot</a><br>]]>
            </line>
            <line>
              <![CDATA[INFO  YandexTest - finish 'login test'<br>]]>
            </line>
          </reporter-output>
        </test-method> <!-- loginTest -->
        <test-method status="PASS" signature="writeLetter(java.lang.String, java.lang.String, java.lang.String)[pri:0, instance:com.epam.olga_kashirina.webdriver.lesson2.task1.ReportNG.run_tests.tests.YandexTest@bae7dc0]" name="writeLetter" duration-ms="18469" started-at="2016-07-21T11:14:20Z" data-provider="parametersForLetter" depends-on-methods="com.epam.olga_kashirina.webdriver.lesson2.task1.ReportNG.run_tests.tests.YandexTest.loginTest" finished-at="2016-07-21T11:14:39Z">
          <params>
            <param index="0">
              <value>
                <![CDATA[april.helga@mail.ru]]>
              </value>
            </param>
            <param index="1">
              <value>
                <![CDATA[О погоде]]>
              </value>
            </param>
            <param index="2">
              <value>
                <![CDATA[Здравствуйте!]]>
              </value>
            </param>
          </params>
          <reporter-output>
            <line>
              <![CDATA[INFO  YandexTest - start 'writeLetter test'<br>]]>
            </line>
            <line>
              <![CDATA[INFO  YandexTest - filling the BO - letter:<br>                    recipient: april.helga@mail.ru subject: О погоде textOfLetter: Здравствуйте!<br>]]>
            </line>
            <line>
              <![CDATA[INFO  YandexTest - start 'writeMessage method'<br>]]>
            </line>
            <line>
              <![CDATA[INFO  MailService - click on button 'Написать'<br>]]>
            </line>
            <line>
              <![CDATA[INFO  MailService - start 'setFieldsOfLetter method'<br>]]>
            </line>
            <line>
              <![CDATA[INFO  LetterPage - click on field 'Кому'<br>]]>
            </line>
            <line>
              <![CDATA[INFO  LetterPage - send key 'april.helga@mail.ru' on field 'Кому'<br>]]>
            </line>
            <line>
              <![CDATA[INFO  LetterPage - send key 'О погоде' on field 'Тема'<br>]]>
            </line>
            <line>
              <![CDATA[INFO  LetterPage - send key 'Здравствуйте!' on field 'Текст письма'<br>]]>
            </line>
            <line>
              <![CDATA[INFO  MailService - finish 'setFieldsOfLetter method'<br>]]>
            </line>
            <line>
              <![CDATA[INFO  MailService - check the subject field presented<br>]]>
            </line>
            <line>
              <![CDATA[INFO  MailService - check the drafts link presented<br>]]>
            </line>
            <line>
              <![CDATA[INFO  MailService - click on button 'Входящие'<br>]]>
            </line>
            <line>
              <![CDATA[INFO  YandexTest - finish 'writeMessage method'<br>]]>
            </line>
            <line>
              <![CDATA[INFO  YandexTest - finish 'writeLetter test'<br>]]>
            </line>
          </reporter-output>
        </test-method> <!-- writeLetter -->
        <test-method status="PASS" signature="writeLetter(java.lang.String, java.lang.String, java.lang.String)[pri:0, instance:com.epam.olga_kashirina.webdriver.lesson2.task1.ReportNG.run_tests.tests.YandexTest@bae7dc0]" name="writeLetter" duration-ms="13698" started-at="2016-07-21T11:14:39Z" data-provider="parametersForLetter" depends-on-methods="com.epam.olga_kashirina.webdriver.lesson2.task1.ReportNG.run_tests.tests.YandexTest.loginTest" finished-at="2016-07-21T11:14:52Z">
          <params>
            <param index="0">
              <value>
                <![CDATA[april.helga@mail.ru]]>
              </value>
            </param>
            <param index="1">
              <value>
                <![CDATA[Работа]]>
              </value>
            </param>
            <param index="2">
              <value>
                <![CDATA[Приветствую!]]>
              </value>
            </param>
          </params>
          <reporter-output>
            <line>
              <![CDATA[INFO  YandexTest - start 'writeLetter test'<br>]]>
            </line>
            <line>
              <![CDATA[INFO  YandexTest - filling the BO - letter:<br>                    recipient: april.helga@mail.ru subject: Работа textOfLetter: Приветствую!<br>]]>
            </line>
            <line>
              <![CDATA[INFO  YandexTest - start 'writeMessage method'<br>]]>
            </line>
            <line>
              <![CDATA[INFO  MailService - click on button 'Написать'<br>]]>
            </line>
            <line>
              <![CDATA[INFO  MailService - start 'setFieldsOfLetter method'<br>]]>
            </line>
            <line>
              <![CDATA[INFO  LetterPage - click on field 'Кому'<br>]]>
            </line>
            <line>
              <![CDATA[INFO  LetterPage - send key 'april.helga@mail.ru' on field 'Кому'<br>]]>
            </line>
            <line>
              <![CDATA[INFO  LetterPage - send key 'Работа' on field 'Тема'<br>]]>
            </line>
            <line>
              <![CDATA[INFO  LetterPage - send key 'Приветствую!' on field 'Текст письма'<br>]]>
            </line>
            <line>
              <![CDATA[INFO  MailService - finish 'setFieldsOfLetter method'<br>]]>
            </line>
            <line>
              <![CDATA[INFO  MailService - check the subject field presented<br>]]>
            </line>
            <line>
              <![CDATA[INFO  MailService - check the drafts link presented<br>]]>
            </line>
            <line>
              <![CDATA[INFO  MailService - click on button 'Входящие'<br>]]>
            </line>
            <line>
              <![CDATA[INFO  YandexTest - finish 'writeMessage method'<br>]]>
            </line>
            <line>
              <![CDATA[INFO  YandexTest - finish 'writeLetter test'<br>]]>
            </line>
          </reporter-output>
        </test-method> <!-- writeLetter -->
        <test-method status="PASS" signature="checkTheDrafts(java.lang.String, java.lang.String, java.lang.String)[pri:0, instance:com.epam.olga_kashirina.webdriver.lesson2.task1.ReportNG.run_tests.tests.YandexTest@bae7dc0]" name="checkTheDrafts" duration-ms="3809" started-at="2016-07-21T11:14:52Z" data-provider="parametersForLetter" depends-on-methods="com.epam.olga_kashirina.webdriver.lesson2.task1.ReportNG.run_tests.tests.YandexTest.writeLetter" finished-at="2016-07-21T11:14:56Z">
          <params>
            <param index="0">
              <value>
                <![CDATA[april.helga@mail.ru]]>
              </value>
            </param>
            <param index="1">
              <value>
                <![CDATA[О погоде]]>
              </value>
            </param>
            <param index="2">
              <value>
                <![CDATA[Здравствуйте!]]>
              </value>
            </param>
          </params>
          <reporter-output>
            <line>
              <![CDATA[INFO  YandexTest - start 'checkTheDrafts test'<br>]]>
            </line>
            <line>
              <![CDATA[INFO  YandexTest - filling the BO - letter:<br>                    recipient: april.helga@mail.ru subject: О погоде textOfLetter: Здравствуйте!<br>]]>
            </line>
            <line>
              <![CDATA[INFO  YandexTest - start 'draftsCheck' method<br>]]>
            </line>
            <line>
              <![CDATA[INFO  MailService - click on button 'Черновики'<br>]]>
            </line>
            <line>
              <![CDATA[INFO  MailService - start 'clickAtCheckingDraft method'<br>]]>
            </line>
            <line>
              <![CDATA[INFO  DraftsPage - click at the draft with subject: 'О погоде'<br>]]>
            </line>
            <line>
              <![CDATA[INFO  MailService - finish 'clickAtCheckingDraft method'<br>]]>
            </line>
            <line>
              <![CDATA[INFO  MailService - start 'assertDrafts method'<br>]]>
            </line>
            <line>
              <![CDATA[INFO  MailService - finish 'assertDrafts method'<br>]]>
            </line>
            <line>
              <![CDATA[INFO  YandexTest - finish 'draftsCheck' method<br>]]>
            </line>
            <line>
              <![CDATA[INFO  YandexTest - finish 'checkTheDrafts test'<br>]]>
            </line>
          </reporter-output>
        </test-method> <!-- checkTheDrafts -->
        <test-method status="PASS" signature="checkTheDrafts(java.lang.String, java.lang.String, java.lang.String)[pri:0, instance:com.epam.olga_kashirina.webdriver.lesson2.task1.ReportNG.run_tests.tests.YandexTest@bae7dc0]" name="checkTheDrafts" duration-ms="3828" started-at="2016-07-21T11:14:56Z" data-provider="parametersForLetter" depends-on-methods="com.epam.olga_kashirina.webdriver.lesson2.task1.ReportNG.run_tests.tests.YandexTest.writeLetter" finished-at="2016-07-21T11:15:00Z">
          <params>
            <param index="0">
              <value>
                <![CDATA[april.helga@mail.ru]]>
              </value>
            </param>
            <param index="1">
              <value>
                <![CDATA[Работа]]>
              </value>
            </param>
            <param index="2">
              <value>
                <![CDATA[Приветствую!]]>
              </value>
            </param>
          </params>
          <reporter-output>
            <line>
              <![CDATA[INFO  YandexTest - start 'checkTheDrafts test'<br>]]>
            </line>
            <line>
              <![CDATA[INFO  YandexTest - filling the BO - letter:<br>                    recipient: april.helga@mail.ru subject: Работа textOfLetter: Приветствую!<br>]]>
            </line>
            <line>
              <![CDATA[INFO  YandexTest - start 'draftsCheck' method<br>]]>
            </line>
            <line>
              <![CDATA[INFO  MailService - click on button 'Черновики'<br>]]>
            </line>
            <line>
              <![CDATA[INFO  MailService - start 'clickAtCheckingDraft method'<br>]]>
            </line>
            <line>
              <![CDATA[INFO  DraftsPage - click at the draft with subject: 'Работа'<br>]]>
            </line>
            <line>
              <![CDATA[INFO  MailService - finish 'clickAtCheckingDraft method'<br>]]>
            </line>
            <line>
              <![CDATA[INFO  MailService - start 'assertDrafts method'<br>]]>
            </line>
            <line>
              <![CDATA[INFO  MailService - finish 'assertDrafts method'<br>]]>
            </line>
            <line>
              <![CDATA[INFO  YandexTest - finish 'draftsCheck' method<br>]]>
            </line>
            <line>
              <![CDATA[INFO  YandexTest - finish 'checkTheDrafts test'<br>]]>
            </line>
          </reporter-output>
        </test-method> <!-- checkTheDrafts -->
        <test-method status="PASS" signature="sendLetter(java.lang.String, java.lang.String, java.lang.String)[pri:0, instance:com.epam.olga_kashirina.webdriver.lesson2.task1.ReportNG.run_tests.tests.YandexTest@bae7dc0]" name="sendLetter" duration-ms="5252" started-at="2016-07-21T11:15:00Z" data-provider="parametersForLetter" depends-on-methods="com.epam.olga_kashirina.webdriver.lesson2.task1.ReportNG.run_tests.tests.YandexTest.checkTheDrafts" finished-at="2016-07-21T11:15:05Z">
          <params>
            <param index="0">
              <value>
                <![CDATA[april.helga@mail.ru]]>
              </value>
            </param>
            <param index="1">
              <value>
                <![CDATA[О погоде]]>
              </value>
            </param>
            <param index="2">
              <value>
                <![CDATA[Здравствуйте!]]>
              </value>
            </param>
          </params>
          <reporter-output>
            <line>
              <![CDATA[INFO  YandexTest - start 'sendLetter test'<br>]]>
            </line>
            <line>
              <![CDATA[INFO  YandexTest - filling the BO - letter:<br>                    recipient: april.helga@mail.ru subject: О погоде textOfLetter: Здравствуйте!<br>]]>
            </line>
            <line>
              <![CDATA[INFO  YandexTest - start 'sendMessage' method<br>]]>
            </line>
            <line>
              <![CDATA[INFO  MailService - click on button 'Входящие'<br>]]>
            </line>
            <line>
              <![CDATA[INFO  MailService - click on button 'Написать'<br>]]>
            </line>
            <line>
              <![CDATA[INFO  MailService - start 'setFieldsOfLetter method'<br>]]>
            </line>
            <line>
              <![CDATA[INFO  LetterPage - click on field 'Кому'<br>]]>
            </line>
            <line>
              <![CDATA[INFO  LetterPage - send key 'april.helga@mail.ru' on field 'Кому'<br>]]>
            </line>
            <line>
              <![CDATA[INFO  LetterPage - send key 'О погоде' on field 'Тема'<br>]]>
            </line>
            <line>
              <![CDATA[INFO  LetterPage - send key 'Здравствуйте!' on field 'Текст письма'<br>]]>
            </line>
            <line>
              <![CDATA[INFO  MailService - finish 'setFieldsOfLetter method'<br>]]>
            </line>
            <line>
              <![CDATA[INFO  MailService - start 'sendLetter' method<br>]]>
            </line>
            <line>
              <![CDATA[INFO  LetterPage - click on button 'Отправить'<br>]]>
            </line>
            <line>
              <![CDATA[INFO  MailService - finish 'sendLetter' method<br>]]>
            </line>
            <line>
              <![CDATA[INFO  YandexTest - finish 'sendMessage' method<br>]]>
            </line>
            <line>
              <![CDATA[INFO  YandexTest - finish 'sendLetter test'<br>]]>
            </line>
          </reporter-output>
        </test-method> <!-- sendLetter -->
        <test-method status="PASS" signature="sendLetter(java.lang.String, java.lang.String, java.lang.String)[pri:0, instance:com.epam.olga_kashirina.webdriver.lesson2.task1.ReportNG.run_tests.tests.YandexTest@bae7dc0]" name="sendLetter" duration-ms="5509" started-at="2016-07-21T11:15:05Z" data-provider="parametersForLetter" depends-on-methods="com.epam.olga_kashirina.webdriver.lesson2.task1.ReportNG.run_tests.tests.YandexTest.checkTheDrafts" finished-at="2016-07-21T11:15:11Z">
          <params>
            <param index="0">
              <value>
                <![CDATA[april.helga@mail.ru]]>
              </value>
            </param>
            <param index="1">
              <value>
                <![CDATA[Работа]]>
              </value>
            </param>
            <param index="2">
              <value>
                <![CDATA[Приветствую!]]>
              </value>
            </param>
          </params>
          <reporter-output>
            <line>
              <![CDATA[INFO  YandexTest - start 'sendLetter test'<br>]]>
            </line>
            <line>
              <![CDATA[INFO  YandexTest - filling the BO - letter:<br>                    recipient: april.helga@mail.ru subject: Работа textOfLetter: Приветствую!<br>]]>
            </line>
            <line>
              <![CDATA[INFO  YandexTest - start 'sendMessage' method<br>]]>
            </line>
            <line>
              <![CDATA[INFO  MailService - click on button 'Входящие'<br>]]>
            </line>
            <line>
              <![CDATA[INFO  MailService - click on button 'Написать'<br>]]>
            </line>
            <line>
              <![CDATA[INFO  MailService - start 'setFieldsOfLetter method'<br>]]>
            </line>
            <line>
              <![CDATA[INFO  LetterPage - click on field 'Кому'<br>]]>
            </line>
            <line>
              <![CDATA[INFO  LetterPage - send key 'april.helga@mail.ru' on field 'Кому'<br>]]>
            </line>
            <line>
              <![CDATA[INFO  LetterPage - send key 'Работа' on field 'Тема'<br>]]>
            </line>
            <line>
              <![CDATA[INFO  LetterPage - send key 'Приветствую!' on field 'Текст письма'<br>]]>
            </line>
            <line>
              <![CDATA[INFO  MailService - finish 'setFieldsOfLetter method'<br>]]>
            </line>
            <line>
              <![CDATA[INFO  MailService - start 'sendLetter' method<br>]]>
            </line>
            <line>
              <![CDATA[INFO  LetterPage - click on button 'Отправить'<br>]]>
            </line>
            <line>
              <![CDATA[INFO  MailService - finish 'sendLetter' method<br>]]>
            </line>
            <line>
              <![CDATA[INFO  YandexTest - finish 'sendMessage' method<br>]]>
            </line>
            <line>
              <![CDATA[INFO  YandexTest - finish 'sendLetter test'<br>]]>
            </line>
          </reporter-output>
        </test-method> <!-- sendLetter -->
        <test-method status="PASS" signature="checkSendedLetters(java.lang.String, java.lang.String, java.lang.String)[pri:0, instance:com.epam.olga_kashirina.webdriver.lesson2.task1.ReportNG.run_tests.tests.YandexTest@bae7dc0]" name="checkSendedLetters" duration-ms="3511" started-at="2016-07-21T11:15:11Z" data-provider="parametersForLetter" depends-on-methods="com.epam.olga_kashirina.webdriver.lesson2.task1.ReportNG.run_tests.tests.YandexTest.sendLetter" finished-at="2016-07-21T11:15:14Z">
          <params>
            <param index="0">
              <value>
                <![CDATA[april.helga@mail.ru]]>
              </value>
            </param>
            <param index="1">
              <value>
                <![CDATA[О погоде]]>
              </value>
            </param>
            <param index="2">
              <value>
                <![CDATA[Здравствуйте!]]>
              </value>
            </param>
          </params>
          <reporter-output>
            <line>
              <![CDATA[INFO  YandexTest - start 'checkSendedLetters test'<br>]]>
            </line>
            <line>
              <![CDATA[INFO  YandexTest - filling the BO - letter:<br>                    recipient: april.helga@mail.ru subject: О погоде textOfLetter: Здравствуйте!<br>]]>
            </line>
            <line>
              <![CDATA[INFO  YandexTest - start 'checkSendedMessage' method<br>]]>
            </line>
            <line>
              <![CDATA[INFO  MailService - click on button 'Отрпавленные'<br>]]>
            </line>
            <line>
              <![CDATA[INFO  MailService - start 'clickAtCheckingLetter method'<br>]]>
            </line>
            <line>
              <![CDATA[INFO  SendedLettersPage - click on element (//span[@title="О погоде"])[1]<br>]]>
            </line>
            <line>
              <![CDATA[INFO  MailService - finish 'clickAtCheckingLetter method'<br>]]>
            </line>
            <line>
              <![CDATA[INFO  MailService - start 'assertLetters' method<br>]]>
            </line>
            <line>
              <![CDATA[INFO  MailService - finish 'assertLetters' method<br>]]>
            </line>
            <line>
              <![CDATA[INFO  YandexTest - finish 'checkSendedMessage' method<br>]]>
            </line>
            <line>
              <![CDATA[INFO  YandexTest - finish 'checkSendedLetters test'<br>]]>
            </line>
          </reporter-output>
        </test-method> <!-- checkSendedLetters -->
        <test-method status="PASS" signature="checkSendedLetters(java.lang.String, java.lang.String, java.lang.String)[pri:0, instance:com.epam.olga_kashirina.webdriver.lesson2.task1.ReportNG.run_tests.tests.YandexTest@bae7dc0]" name="checkSendedLetters" duration-ms="3706" started-at="2016-07-21T11:15:14Z" data-provider="parametersForLetter" depends-on-methods="com.epam.olga_kashirina.webdriver.lesson2.task1.ReportNG.run_tests.tests.YandexTest.sendLetter" finished-at="2016-07-21T11:15:18Z">
          <params>
            <param index="0">
              <value>
                <![CDATA[april.helga@mail.ru]]>
              </value>
            </param>
            <param index="1">
              <value>
                <![CDATA[Работа]]>
              </value>
            </param>
            <param index="2">
              <value>
                <![CDATA[Приветствую!]]>
              </value>
            </param>
          </params>
          <reporter-output>
            <line>
              <![CDATA[INFO  YandexTest - start 'checkSendedLetters test'<br>]]>
            </line>
            <line>
              <![CDATA[INFO  YandexTest - filling the BO - letter:<br>                    recipient: april.helga@mail.ru subject: Работа textOfLetter: Приветствую!<br>]]>
            </line>
            <line>
              <![CDATA[INFO  YandexTest - start 'checkSendedMessage' method<br>]]>
            </line>
            <line>
              <![CDATA[INFO  MailService - click on button 'Отрпавленные'<br>]]>
            </line>
            <line>
              <![CDATA[INFO  MailService - start 'clickAtCheckingLetter method'<br>]]>
            </line>
            <line>
              <![CDATA[INFO  SendedLettersPage - click on element (//span[@title="Работа"])[1]<br>]]>
            </line>
            <line>
              <![CDATA[INFO  MailService - finish 'clickAtCheckingLetter method'<br>]]>
            </line>
            <line>
              <![CDATA[INFO  MailService - start 'assertLetters' method<br>]]>
            </line>
            <line>
              <![CDATA[INFO  MailService - finish 'assertLetters' method<br>]]>
            </line>
            <line>
              <![CDATA[INFO  YandexTest - finish 'checkSendedMessage' method<br>]]>
            </line>
            <line>
              <![CDATA[INFO  YandexTest - finish 'checkSendedLetters test'<br>]]>
            </line>
          </reporter-output>
        </test-method> <!-- checkSendedLetters -->
        <test-method status="PASS" signature="cleanTheDrafts()[pri:0, instance:com.epam.olga_kashirina.webdriver.lesson2.task1.ReportNG.run_tests.tests.YandexTest@bae7dc0]" name="cleanTheDrafts" is-config="true" duration-ms="1314" started-at="2016-07-21T11:15:18Z" finished-at="2016-07-21T11:15:19Z">
          <reporter-output>
            <line>
              <![CDATA[INFO  YandexTest - start 'cleanTheDrafts test'<br>]]>
            </line>
            <line>
              <![CDATA[INFO  YandexTest - start 'cleanAllDrafts' method<br>]]>
            </line>
            <line>
              <![CDATA[INFO  MailService - click on button 'Черновики'<br>]]>
            </line>
            <line>
              <![CDATA[INFO  MailService - start 'deleteDrafts' method<br>]]>
            </line>
            <line>
              <![CDATA[INFO  DraftsPage - click on button 'Черновики(checkbox)'<br>]]>
            </line>
            <line>
              <![CDATA[INFO  DraftsPage - click on button 'Удалить'<br>]]>
            </line>
            <line>
              <![CDATA[INFO  MailService - finish 'deleteDrafts' method<br>]]>
            </line>
            <line>
              <![CDATA[INFO  YandexTest - finish 'cleanAllDrafts' method<br>]]>
            </line>
            <line>
              <![CDATA[INFO  YandexTest - finish 'cleanTheDrafts test'<br>]]>
            </line>
          </reporter-output>
        </test-method> <!-- cleanTheDrafts -->
        <test-method status="PASS" signature="cleanTheSendedLetters()[pri:0, instance:com.epam.olga_kashirina.webdriver.lesson2.task1.ReportNG.run_tests.tests.YandexTest@bae7dc0]" name="cleanTheSendedLetters" is-config="true" duration-ms="3540" started-at="2016-07-21T11:15:19Z" depends-on-methods="com.epam.olga_kashirina.webdriver.lesson2.task1.ReportNG.run_tests.tests.YandexTest.cleanTheDrafts" finished-at="2016-07-21T11:15:23Z">
          <reporter-output>
            <line>
              <![CDATA[INFO  YandexTest - start 'cleanTheSendedLetters test'<br>]]>
            </line>
            <line>
              <![CDATA[INFO  YandexTest - start 'cleanAllSendedLetters' method<br>]]>
            </line>
            <line>
              <![CDATA[INFO  MailService - click on button 'Отправленные'<br>]]>
            </line>
            <line>
              <![CDATA[INFO  MailService - start 'deleteSendedLetters' method<br>]]>
            </line>
            <line>
              <![CDATA[INFO  SendedLettersPage - click on button 'Отправленные(checkbox)'<br>]]>
            </line>
            <line>
              <![CDATA[INFO  SendedLettersPage - click on button 'Удалить'<br>]]>
            </line>
            <line>
              <![CDATA[INFO  MailService - finish 'deleteSendedLetters' method<br>]]>
            </line>
            <line>
              <![CDATA[INFO  YandexTest - finish 'cleanAllSendedLetters' method<br>]]>
            </line>
            <line>
              <![CDATA[INFO  YandexTest - finish 'cleanTheSendedLetters test'<br>]]>
            </line>
          </reporter-output>
        </test-method> <!-- cleanTheSendedLetters -->
        <test-method status="PASS" signature="exitOfYandexMail()[pri:0, instance:com.epam.olga_kashirina.webdriver.lesson2.task1.ReportNG.run_tests.tests.YandexTest@bae7dc0]" name="exitOfYandexMail" is-config="true" duration-ms="624" started-at="2016-07-21T11:15:23Z" depends-on-methods="com.epam.olga_kashirina.webdriver.lesson2.task1.ReportNG.run_tests.tests.YandexTest.cleanTheSendedLetters" finished-at="2016-07-21T11:15:24Z">
          <reporter-output>
            <line>
              <![CDATA[INFO  YandexTest - start 'exitOfYandexMail test'<br>]]>
            </line>
            <line>
              <![CDATA[INFO  YandexTest - start 'exitFromMail' method<br>]]>
            </line>
            <line>
              <![CDATA[INFO  MailService - start 'deleteSendedLetters' method<br>]]>
            </line>
            <line>
              <![CDATA[INFO  SendedLettersPage - click on exit icon<br>]]>
            </line>
            <line>
              <![CDATA[INFO  SendedLettersPage - click on button 'Выход'<br>]]>
            </line>
            <line>
              <![CDATA[INFO  MailService - finish 'deleteSendedLetters' method<br>]]>
            </line>
            <line>
              <![CDATA[INFO  YandexTest - finish 'exitFromMail' method<br>]]>
            </line>
            <line>
              <![CDATA[INFO  YandexTest - finish 'exitOfYandexMail test'<br>]]>
            </line>
          </reporter-output>
        </test-method> <!-- exitOfYandexMail -->
      </class> <!-- com.epam.olga_kashirina.webdriver.lesson2.task1.ReportNG.run_tests.tests.YandexTest -->
    </test> <!-- Reporting test -->
  </suite> <!-- Reporting suite -->
</testng-results>
