<?xml version="1.0" encoding="UTF-8"?>
<!-- Generated by org.testng.reporters.JUnitXMLReporter -->
<testsuite hostname="EPRURYAW0056" name="Reporting test" tests="9" failures="0" timestamp="20 Jul 2016 12:41:05 GMT" time="67.151" errors="0">
  <testcase name="loginTest" time="7.034" classname="com.epam.olga_kashirina.webdriver.lesson2.task1.ReportNG.run_tests.tests.YandexTest"/>
  <testcase name="writeLetter" time="14.772" classname="com.epam.olga_kashirina.webdriver.lesson2.task1.ReportNG.run_tests.tests.YandexTest"/>
  <testcase name="writeLetter" time="13.684" classname="com.epam.olga_kashirina.webdriver.lesson2.task1.ReportNG.run_tests.tests.YandexTest"/>
  <testcase name="checkTheDrafts" time="3.945" classname="com.epam.olga_kashirina.webdriver.lesson2.task1.ReportNG.run_tests.tests.YandexTest"/>
  <testcase name="checkTheDrafts" time="3.763" classname="com.epam.olga_kashirina.webdriver.lesson2.task1.ReportNG.run_tests.tests.YandexTest"/>
  <testcase name="sendLetter" time="5.538" classname="com.epam.olga_kashirina.webdriver.lesson2.task1.ReportNG.run_tests.tests.YandexTest"/>
  <testcase name="sendLetter" time="4.932" classname="com.epam.olga_kashirina.webdriver.lesson2.task1.ReportNG.run_tests.tests.YandexTest"/>
  <testcase name="checkSendedLetters" time="3.573" classname="com.epam.olga_kashirina.webdriver.lesson2.task1.ReportNG.run_tests.tests.YandexTest"/>
  <testcase name="checkSendedLetters" time="3.762" classname="com.epam.olga_kashirina.webdriver.lesson2.task1.ReportNG.run_tests.tests.YandexTest"/>
</testsuite> <!-- Reporting test -->
